<?xml version="1.0" encoding="UTF-8"?>
<!-- Generated by org.testng.reporters.JUnitReportReporter -->
<testsuite hostname="Batcomputer" failures="0" tests="2" name="Inheritence.Class2" time="0.008" errors="0" timestamp="2025-03-06T13:31:27 IST" skipped="0">
  <testcase classname="Inheritence.Class2" name="test" time="0.008"/>
  <system-out/>
  <testcase classname="Inheritence.Class2" name="addition" time="0.000"/>
  <system-out/>
</testsuite> <!-- Inheritence.Class2 -->
