<?xml version="1.0" encoding="UTF-8"?>
<!-- Generated by org.testng.reporters.JUnitReportReporter -->
<testsuite hostname="Batcomputer" failures="0" tests="3" name="Test.ECW" time="0.001" errors="0" timestamp="2025-03-25T13:55:30 IST" skipped="0">
  <testcase classname="Test.ECW" name="ecwSpecial" time="0.000"/>
  <system-out/>
  <testcase classname="Test.ECW" name="ecwExtreme" time="0.001"/>
  <system-out/>
  <testcase classname="Test.ECW" name="ecwCriteria" time="0.000"/>
  <system-out/>
</testsuite> <!-- Test.ECW -->
