<?xml version="1.0" encoding="UTF-8"?>
<!-- Generated by org.testng.reporters.JUnitReportReporter -->
<testsuite hostname="Batcomputer" failures="0" tests="1" name="Test.day1" time="0.007" errors="0" timestamp="2025-03-05T22:41:15 IST" skipped="0">
  <testcase classname="Test.day1" name="test1" time="0.007"/>
  <system-out/>
</testsuite> <!-- Test.day1 -->
