<?xml version="1.0" encoding="UTF-8"?>
<!-- Generated by org.testng.reporters.JUnitReportReporter -->
<testsuite hostname="Batcomputer" failures="0" tests="1" name="Test.day2" time="0.000" errors="0" timestamp="2025-03-05T22:41:02 IST" skipped="0">
  <testcase classname="Test.day2" name="test3" time="0.000"/>
  <system-out/>
</testsuite> <!-- Test.day2 -->
