<?xml version="1.0" encoding="UTF-8"?>
<!-- Generated by org.testng.reporters.JUnitReportReporter -->
<testsuite hostname="Batcomputer" failures="0" tests="1" name="Inheritence.Class1" time="0.017" errors="0" timestamp="2025-03-06T15:55:44 IST" skipped="0">
  <testcase classname="Inheritence.Class1" name="operation3" time="0.017"/>
  <system-out/>
</testsuite> <!-- Inheritence.Class1 -->
