<?xml version="1.0" encoding="UTF-8"?>
<!-- Generated by org.testng.reporters.JUnitReportReporter -->
<testsuite hostname="Batcomputer" failures="0" tests="3" name="Test.ECW" time="0.004" errors="0" timestamp="2025-03-25T13:19:39 IST" skipped="0">
  <testcase classname="Test.ECW" name="ecwSpecial" time="0.001"/>
  <testcase classname="Test.ECW" name="ecwExtreme" time="0.002"/>
  <testcase classname="Test.ECW" name="ecwCriteria" time="0.001"/>
</testsuite> <!-- Test.ECW -->
