<?xml version="1.0" encoding="UTF-8"?>
<!-- Generated by org.testng.reporters.JUnitReportReporter -->
<testsuite hostname="Batcomputer" failures="0" tests="3" name="Test.WWE" time="0.002" errors="0" timestamp="2025-03-25T13:19:39 IST" skipped="0">
  <testcase classname="Test.WWE" name="wweRaw" time="0.000"/>
  <testcase classname="Test.WWE" name="wweSmackdown" time="0.001"/>
  <testcase classname="Test.WWE" name="wweSpecial" time="0.001"/>
</testsuite> <!-- Test.WWE -->
