<?xml version="1.0" encoding="UTF-8"?>
<!-- Generated by org.testng.reporters.JUnitReportReporter -->
<testsuite hostname="Batcomputer" failures="0" tests="3" name="Test.TNA" time="0.003" errors="0" timestamp="2025-03-25T13:19:39 IST" skipped="0">
  <testcase classname="Test.TNA" name="tnaSpecial" time="0.000"/>
  <testcase classname="Test.TNA" name="tnaSuper" time="0.000"/>
  <testcase classname="Test.TNA" name="tnaAdvance" time="0.003"/>
</testsuite> <!-- Test.TNA -->
