<?xml version="1.0" encoding="UTF-8"?>
<!-- Generated by org.testng.reporters.JUnitReportReporter -->
<testsuite hostname="Batcomputer" failures="0" tests="5" name="Test.DeshiAkhara" time="0.004" errors="0" timestamp="2025-03-25T13:19:39 IST" skipped="0">
  <testcase classname="Test.DeshiAkhara" name="deshiKushti" time="0.000"/>
  <testcase classname="Test.DeshiAkhara" name="deshiKushti" time="0.001"/>
  <testcase classname="Test.DeshiAkhara" name="deshiKushti" time="0.000"/>
  <testcase classname="Test.DeshiAkhara" name="deshiHatafai" time="0.003"/>
  <testcase classname="Test.DeshiAkhara" name="deshiFight" time="0.000"/>
</testsuite> <!-- Test.DeshiAkhara -->
